<?xml version="1.0" encoding="UTF-8"?>
<robot generator="Robot 7.3.2 (Python 3.11.9 on win32)" generated="2026-08-25T11:16:16.526780" rpa="false" schemaversion="5">
<suite id="s1" name="Acceptance" source="D:\AI_Project\ai-cockpit-test-framework\tests\acceptance">
<suite id="s1-s1" name="Multimedia" source="D:\AI_Project\ai-cockpit-test-framework\tests\acceptance\multimedia">
<suite id="s1-s1-s1" name="Test Volum" source="D:\AI_Project\ai-cockpit-test-framework\tests\acceptance\multimedia\test_volum.robot">
<kw name="初始化测试环境" type="SETUP">
<kw name="Log" owner="BuiltIn">
<arg>初始化IVI模拟器...</arg>
<arg>${LOG_LEVEL_INFO}</arg>
<doc>Logs the given message with the given level.</doc>
<status status="NOT RUN" start="2026-08-25T11:16:16.665409" elapsed="0.000000"/>
</kw>
<kw name="Set Volume">
<kw name="验证范围" owner="common">
<kw name="Should Be True" owner="BuiltIn">
<arg>${value} &gt;= ${min}</arg>
<arg>msg=值 ${value} 小于最小值 ${min}</arg>
<doc>Fails if the given condition is not true.</doc>
<status status="NOT RUN" start="2026-08-25T11:16:16.666405" elapsed="0.000998"/>
</kw>
<kw name="Should Be True" owner="BuiltIn">
<arg>${value} &lt;= ${max}</arg>
<arg>msg=值 ${value} 大于最大值 ${max}</arg>
<doc>Fails if the given condition is not true.</doc>
<status status="NOT RUN" start="2026-08-25T11:16:16.667403" elapsed="0.000000"/>
</kw>
<kw name="Log" owner="BuiltIn">
<arg>值 ${value} 在范围 [${min}, ${max}] 内 ✓</arg>
<arg>${LOG_LEVEL_INFO}</arg>
<doc>Logs the given message with the given level.</doc>
<status status="NOT RUN" start="2026-08-25T11:16:16.668402" elapsed="0.000000"/>
</kw>
<arg>${target_volume}</arg>
<arg>${MIN_VOLUME}</arg>
<arg>${MAX_VOLUME}</arg>
<doc>验证数值是否在合理范围内（音量、温度等）</doc>
<status status="PASS" start="2026-08-25T11:16:16.666405" elapsed="0.001997"/>
</kw>
<kw name="Log" owner="BuiltIn">
<arg>发送CAN信号: SET_VOLUME=${target_volume}</arg>
<arg>${LOG_LEVEL_INFO}</arg>
<doc>Logs the given message with the given level.</doc>
<status status="NOT RUN" start="2026-08-25T11:16:16.668402" elapsed="0.000995"/>
</kw>
<kw name="Set Test Variable" owner="BuiltIn">
<arg>${CURRENT_VOLUME}</arg>
<arg>${target_volume}</arg>
<doc>Makes a variable available everywhere within the scope of the current test.</doc>
<status status="NOT RUN" start="2026-08-25T11:16:16.669397" elapsed="0.000000"/>
</kw>
<arg>${DEFAULT_VOLUME}</arg>
<doc>设置音量（Mock模式：直接更新变量；真实环境：调用CANoe）</doc>
<status status="PASS" start="2026-08-25T11:16:16.665409" elapsed="0.003988"/>
</kw>
<status status="PASS" start="2026-08-25T11:16:16.664413" elapsed="0.004984"/>
</kw>
<test id="s1-s1-s1-t1" name="验证音量最小值-静音状态" line="13">
<kw name="记录测试步骤" owner="common">
<kw name="Get Time" owner="BuiltIn">
<var>${timestamp}</var>
<arg>format=%Y-%m-%d %H:%M:%S.%f</arg>
<doc>Returns the given time in the requested format.</doc>
<status status="NOT RUN" start="2026-08-25T11:16:16.672388" elapsed="0.000999"/>
</kw>
<kw name="Log" owner="BuiltIn">
<arg>[${timestamp}] ▶ ${step_desc}</arg>
<arg>${LOG_LEVEL_INFO}</arg>
<doc>Logs the given message with the given level.</doc>
<status status="NOT RUN" start="2026-08-25T11:16:16.673387" elapsed="0.000000"/>
</kw>
<arg>开始测试音量最小值边界</arg>
<doc>记录带时间戳的测试步骤（方便排查车载测试时序问题）</doc>
<status status="PASS" start="2026-08-25T11:16:16.672388" elapsed="0.000999"/>
</kw>
<kw name="验证范围" owner="common">
<kw name="Should Be True" owner="BuiltIn">
<arg>${value} &gt;= ${min}</arg>
<arg>msg=值 ${value} 小于最小值 ${min}</arg>
<doc>Fails if the given condition is not true.</doc>
<status status="NOT RUN" start="2026-08-25T11:16:16.674382" elapsed="0.000000"/>
</kw>
<kw name="Should Be True" owner="BuiltIn">
<arg>${value} &lt;= ${max}</arg>
<arg>msg=值 ${value} 大于最大值 ${max}</arg>
<doc>Fails if the given condition is not true.</doc>
<status status="NOT RUN" start="2026-08-25T11:16:16.674382" elapsed="0.000000"/>
</kw>
<kw name="Log" owner="BuiltIn">
<arg>值 ${value} 在范围 [${min}, ${max}] 内 ✓</arg>
<arg>${LOG_LEVEL_INFO}</arg>
<doc>Logs the given message with the given level.</doc>
<status status="NOT RUN" start="2026-08-25T11:16:16.674382" elapsed="0.000000"/>
</kw>
<arg>${MIN_VOLUME}</arg>
<arg>${MIN_VOLUME}</arg>
<arg>${MAX_VOLUME}</arg>
<doc>验证数值是否在合理范围内（音量、温度等）</doc>
<status status="PASS" start="2026-08-25T11:16:16.673387" elapsed="0.000995"/>
</kw>
<kw name="Set Volume">
<kw name="验证范围" owner="common">
<kw name="Should Be True" owner="BuiltIn">
<arg>${value} &gt;= ${min}</arg>
<arg>msg=值 ${value} 小于最小值 ${min}</arg>
<doc>Fails if the given condition is not true.</doc>
<status status="NOT RUN" start="2026-08-25T11:16:16.676379" elapsed="0.000000"/>
</kw>
<kw name="Should Be True" owner="BuiltIn">
<arg>${value} &lt;= ${max}</arg>
<arg>msg=值 ${value} 大于最大值 ${max}</arg>
<doc>Fails if the given condition is not true.</doc>
<status status="NOT RUN" start="2026-08-25T11:16:16.676379" elapsed="0.000000"/>
</kw>
<kw name="Log" owner="BuiltIn">
<arg>值 ${value} 在范围 [${min}, ${max}] 内 ✓</arg>
<arg>${LOG_LEVEL_INFO}</arg>
<doc>Logs the given message with the given level.</doc>
<status status="NOT RUN" start="2026-08-25T11:16:16.676379" elapsed="0.000000"/>
</kw>
<arg>${target_volume}</arg>
<arg>${MIN_VOLUME}</arg>
<arg>${MAX_VOLUME}</arg>
<doc>验证数值是否在合理范围内（音量、温度等）</doc>
<status status="PASS" start="2026-08-25T11:16:16.675381" elapsed="0.000998"/>
</kw>
<kw name="Log" owner="BuiltIn">
<arg>发送CAN信号: SET_VOLUME=${target_volume}</arg>
<arg>${LOG_LEVEL_INFO}</arg>
<doc>Logs the given message with the given level.</doc>
<status status="NOT RUN" start="2026-08-25T11:16:16.677376" elapsed="0.000000"/>
</kw>
<kw name="Set Test Variable" owner="BuiltIn">
<arg>${CURRENT_VOLUME}</arg>
<arg>${target_volume}</arg>
<doc>Makes a variable available everywhere within the scope of the current test.</doc>
<status status="NOT RUN" start="2026-08-25T11:16:16.677376" elapsed="0.000000"/>
</kw>
<arg>${MIN_VOLUME}</arg>
<doc>设置音量（Mock模式：直接更新变量；真实环境：调用CANoe）</doc>
<status status="PASS" start="2026-08-25T11:16:16.675381" elapsed="0.001995"/>
</kw>
<kw name="等待信号响应" owner="common">
<kw name="Wait Until Keyword Succeeds" owner="BuiltIn">
<kw name="Should Be True" owner="BuiltIn">
<arg>${condition}</arg>
<doc>Fails if the given condition is not true.</doc>
<status status="NOT RUN" start="2026-08-25T11:16:16.678372" elapsed="0.000000"/>
</kw>
<arg>${timeout}</arg>
<arg>${retry}</arg>
<arg>Should Be True</arg>
<arg>${condition}</arg>
<doc>Runs the specified keyword and retries if it fails.</doc>
<status status="PASS" start="2026-08-25T11:16:16.678372" elapsed="0.000000"/>
</kw>
<kw name="Log" owner="BuiltIn">
<arg>信号响应成功，条件满足: ${condition}</arg>
<arg>${LOG_LEVEL_INFO}</arg>
<doc>Logs the given message with the given level.</doc>
<status status="NOT RUN" start="2026-08-25T11:16:16.678372" elapsed="0.000999"/>
</kw>
<arg>${True}</arg>
<arg>timeout=10s</arg>
<doc>等待CAN/IVI信号响应，超时则失败（车载测试核心关键字）</doc>
<status status="PASS" start="2026-08-25T11:16:16.677376" elapsed="0.001995"/>
</kw>
<kw name="Get Current Volume">
<kw name="Log" owner="BuiltIn">
<arg>读取当前音量: ${CURRENT_VOLUME}</arg>
<arg>${LOG_LEVEL_DEBUG}</arg>
<doc>Logs the given message with the given level.</doc>
<status status="NOT RUN" start="2026-08-25T11:16:16.679371" elapsed="0.000000"/>
</kw>
<return>
<value>${CURRENT_VOLUME}</value>
<status status="PASS" start="2026-08-25T11:16:16.680368" elapsed="0.000000"/>
</return>
<var>${actual_volume}</var>
<doc>获取当前音量（Mock模式返回变量；真实环境读取IVI API）</doc>
<status status="PASS" start="2026-08-25T11:16:16.679371" elapsed="0.000997"/>
</kw>
<kw name="记录测试结果" owner="common">
<kw name="Log" owner="BuiltIn">
<arg>预期: ${expected}</arg>
<arg>${LOG_LEVEL_INFO}</arg>
<doc>Logs the given message with the given level.</doc>
<status status="NOT RUN" start="2026-08-25T11:16:16.680368" elapsed="0.000000"/>
</kw>
<kw name="Log" owner="BuiltIn">
<arg>实际: ${actual}</arg>
<arg>${LOG_LEVEL_INFO}</arg>
<doc>Logs the given message with the given level.</doc>
<status status="NOT RUN" start="2026-08-25T11:16:16.681365" elapsed="0.000000"/>
</kw>
<kw name="Should Be Equal" owner="BuiltIn">
<arg>${expected}</arg>
<arg>${actual}</arg>
<arg>msg=预期值与实际值不匹配！</arg>
<doc>Fails if the given objects are unequal.</doc>
<status status="NOT RUN" start="2026-08-25T11:16:16.681365" elapsed="0.000000"/>
</kw>
<arg>${MIN_VOLUME}</arg>
<arg>${actual_volume}</arg>
<doc>记录预期值与实际值的对比</doc>
<status status="PASS" start="2026-08-25T11:16:16.680368" elapsed="0.000997"/>
</kw>
<kw name="Should Be Equal As Integers" owner="BuiltIn">
<arg>${actual_volume}</arg>
<arg>${MIN_VOLUME}</arg>
<doc>Fails if objects are unequal after converting them to integers.</doc>
<status status="NOT RUN" start="2026-08-25T11:16:16.681365" elapsed="0.000000"/>
</kw>
<kw name="Verify Mute State">
<if>
<branch type="IF" condition="${CURRENT_VOLUME} == ${MIN_VOLUME}">
<kw name="Should Be True" owner="BuiltIn">
<arg>${expected_mute}</arg>
<arg>msg=音量0时应为静音状态</arg>
<doc>Fails if the given condition is not true.</doc>
<status status="NOT RUN" start="2026-08-25T11:16:16.683361" elapsed="0.000996"/>
</kw>
<status status="PASS" start="2026-08-25T11:16:16.682361" elapsed="0.001996"/>
</branch>
<branch type="ELSE">
<kw name="Should Not Be True" owner="BuiltIn">
<arg>${expected_mute}</arg>
<arg>msg=音量非0时不应为静音</arg>
<doc>Fails if the given condition is true.</doc>
<status status="NOT RUN" start="2026-08-25T11:16:16.685354" elapsed="0.000000"/>
</kw>
<status status="PASS" start="2026-08-25T11:16:16.684357" elapsed="0.000997"/>
</branch>
<status status="PASS" start="2026-08-25T11:16:16.682361" elapsed="0.002993"/>
</if>
<kw name="Log" owner="BuiltIn">
<arg>静音状态验证通过: expected=${expected_mute}, volume=${CURRENT_VOLUME}</arg>
<arg>${LOG_LEVEL_INFO}</arg>
<doc>Logs the given message with the given level.</doc>
<status status="NOT RUN" start="2026-08-25T11:16:16.686352" elapsed="0.000000"/>
</kw>
<arg>True</arg>
<doc>验证静音状态（音量为0时静音）</doc>
<status status="PASS" start="2026-08-25T11:16:16.682361" elapsed="0.003991"/>
</kw>
<doc>验证音量设置为最小值0%时，系统进入静音状态</doc>
<tag>boundary</tag>
<tag>cockpit</tag>
<tag>multimedia</tag>
<tag>smoke</tag>
<status status="PASS" start="2026-08-25T11:16:16.670394" elapsed="0.015958"/>
</test>
<test id="s1-s1-s1-t2" name="验证音量最大值-最大声压" line="30">
<kw name="记录测试步骤" owner="common">
<kw name="Get Time" owner="BuiltIn">
<var>${timestamp}</var>
<arg>format=%Y-%m-%d %H:%M:%S.%f</arg>
<doc>Returns the given time in the requested format.</doc>
<status status="NOT RUN" start="2026-08-25T11:16:16.691338" elapsed="0.000000"/>
</kw>
<kw name="Log" owner="BuiltIn">
<arg>[${timestamp}] ▶ ${step_desc}</arg>
<arg>${LOG_LEVEL_INFO}</arg>
<doc>Logs the given message with the given level.</doc>
<status status="NOT RUN" start="2026-08-25T11:16:16.691338" elapsed="0.000997"/>
</kw>
<arg>开始测试音量最大值边界</arg>
<doc>记录带时间戳的测试步骤（方便排查车载测试时序问题）</doc>
<status status="PASS" start="2026-08-25T11:16:16.690341" elapsed="0.001994"/>
</kw>
<kw name="验证范围" owner="common">
<kw name="Should Be True" owner="BuiltIn">
<arg>${value} &gt;= ${min}</arg>
<arg>msg=值 ${value} 小于最小值 ${min}</arg>
<doc>Fails if the given condition is not true.</doc>
<status status="NOT RUN" start="2026-08-25T11:16:16.693333" elapsed="0.000000"/>
</kw>
<kw name="Should Be True" owner="BuiltIn">
<arg>${value} &lt;= ${max}</arg>
<arg>msg=值 ${value} 大于最大值 ${max}</arg>
<doc>Fails if the given condition is not true.</doc>
<status status="NOT RUN" start="2026-08-25T11:16:16.693333" elapsed="0.000000"/>
</kw>
<kw name="Log" owner="BuiltIn">
<arg>值 ${value} 在范围 [${min}, ${max}] 内 ✓</arg>
<arg>${LOG_LEVEL_INFO}</arg>
<doc>Logs the given message with the given level.</doc>
<status status="NOT RUN" start="2026-08-25T11:16:16.693333" elapsed="0.000000"/>
</kw>
<arg>${MAX_VOLUME}</arg>
<arg>${MIN_VOLUME}</arg>
<arg>${MAX_VOLUME}</arg>
<doc>验证数值是否在合理范围内（音量、温度等）</doc>
<status status="PASS" start="2026-08-25T11:16:16.692335" elapsed="0.000998"/>
</kw>
<kw name="Set Volume">
<kw name="验证范围" owner="common">
<kw name="Should Be True" owner="BuiltIn">
<arg>${value} &gt;= ${min}</arg>
<arg>msg=值 ${value} 小于最小值 ${min}</arg>
<doc>Fails if the given condition is not true.</doc>
<status status="NOT RUN" start="2026-08-25T11:16:16.695329" elapsed="0.000000"/>
</kw>
<kw name="Should Be True" owner="BuiltIn">
<arg>${value} &lt;= ${max}</arg>
<arg>msg=值 ${value} 大于最大值 ${max}</arg>
<doc>Fails if the given condition is not true.</doc>
<status status="NOT RUN" start="2026-08-25T11:16:16.695329" elapsed="0.000000"/>
</kw>
<kw name="Log" owner="BuiltIn">
<arg>值 ${value} 在范围 [${min}, ${max}] 内 ✓</arg>
<arg>${LOG_LEVEL_INFO}</arg>
<doc>Logs the given message with the given level.</doc>
<status status="NOT RUN" start="2026-08-25T11:16:16.695329" elapsed="0.000000"/>
</kw>
<arg>${target_volume}</arg>
<arg>${MIN_VOLUME}</arg>
<arg>${MAX_VOLUME}</arg>
<doc>验证数值是否在合理范围内（音量、温度等）</doc>
<status status="PASS" start="2026-08-25T11:16:16.694330" elapsed="0.000999"/>
</kw>
<kw name="Log" owner="BuiltIn">
<arg>发送CAN信号: SET_VOLUME=${target_volume}</arg>
<arg>${LOG_LEVEL_INFO}</arg>
<doc>Logs the given message with the given level.</doc>
<status status="NOT RUN" start="2026-08-25T11:16:16.696332" elapsed="0.000000"/>
</kw>
<kw name="Set Test Variable" owner="BuiltIn">
<arg>${CURRENT_VOLUME}</arg>
<arg>${target_volume}</arg>
<doc>Makes a variable available everywhere within the scope of the current test.</doc>
<status status="NOT RUN" start="2026-08-25T11:16:16.696332" elapsed="0.000000"/>
</kw>
<arg>${MAX_VOLUME}</arg>
<doc>设置音量（Mock模式：直接更新变量；真实环境：调用CANoe）</doc>
<status status="PASS" start="2026-08-25T11:16:16.694330" elapsed="0.002002"/>
</kw>
<kw name="等待信号响应" owner="common">
<kw name="Wait Until Keyword Succeeds" owner="BuiltIn">
<kw name="Should Be True" owner="BuiltIn">
<arg>${condition}</arg>
<doc>Fails if the given condition is not true.</doc>
<status status="NOT RUN" start="2026-08-25T11:16:16.698319" elapsed="0.000000"/>
</kw>
<arg>${timeout}</arg>
<arg>${retry}</arg>
<arg>Should Be True</arg>
<arg>${condition}</arg>
<doc>Runs the specified keyword and retries if it fails.</doc>
<status status="PASS" start="2026-08-25T11:16:16.697324" elapsed="0.000995"/>
</kw>
<kw name="Log" owner="BuiltIn">
<arg>信号响应成功，条件满足: ${condition}</arg>
<arg>${LOG_LEVEL_INFO}</arg>
<doc>Logs the given message with the given level.</doc>
<status status="NOT RUN" start="2026-08-25T11:16:16.698319" elapsed="0.000000"/>
</kw>
<arg>${True}</arg>
<arg>timeout=10s</arg>
<doc>等待CAN/IVI信号响应，超时则失败（车载测试核心关键字）</doc>
<status status="PASS" start="2026-08-25T11:16:16.697324" elapsed="0.000995"/>
</kw>
<kw name="Get Current Volume">
<kw name="Log" owner="BuiltIn">
<arg>读取当前音量: ${CURRENT_VOLUME}</arg>
<arg>${LOG_LEVEL_DEBUG}</arg>
<doc>Logs the given message with the given level.</doc>
<status status="NOT RUN" start="2026-08-25T11:16:16.701312" elapsed="0.000000"/>
</kw>
<return>
<value>${CURRENT_VOLUME}</value>
<status status="PASS" start="2026-08-25T11:16:16.701312" elapsed="0.000000"/>
</return>
<var>${actual_volume}</var>
<doc>获取当前音量（Mock模式返回变量；真实环境读取IVI API）</doc>
<status status="PASS" start="2026-08-25T11:16:16.700315" elapsed="0.000997"/>
</kw>
<kw name="记录测试结果" owner="common">
<kw name="Log" owner="BuiltIn">
<arg>预期: ${expected}</arg>
<arg>${LOG_LEVEL_INFO}</arg>
<doc>Logs the given message with the given level.</doc>
<status status="NOT RUN" start="2026-08-25T11:16:16.702309" elapsed="0.000000"/>
</kw>
<kw name="Log" owner="BuiltIn">
<arg>实际: ${actual}</arg>
<arg>${LOG_LEVEL_INFO}</arg>
<doc>Logs the given message with the given level.</doc>
<status status="NOT RUN" start="2026-08-25T11:16:16.702309" elapsed="0.000000"/>
</kw>
<kw name="Should Be Equal" owner="BuiltIn">
<arg>${expected}</arg>
<arg>${actual}</arg>
<arg>msg=预期值与实际值不匹配！</arg>
<doc>Fails if the given objects are unequal.</doc>
<status status="NOT RUN" start="2026-08-25T11:16:16.703306" elapsed="0.000000"/>
</kw>
<arg>${MAX_VOLUME}</arg>
<arg>${actual_volume}</arg>
<doc>记录预期值与实际值的对比</doc>
<status status="PASS" start="2026-08-25T11:16:16.702309" elapsed="0.000997"/>
</kw>
<kw name="Should Be Equal As Integers" owner="BuiltIn">
<arg>${actual_volume}</arg>
<arg>${MAX_VOLUME}</arg>
<doc>Fails if objects are unequal after converting them to integers.</doc>
<status status="NOT RUN" start="2026-08-25T11:16:16.703306" elapsed="0.000000"/>
</kw>
<kw name="Verify Mute State">
<if>
<branch type="IF" condition="${CURRENT_VOLUME} == ${MIN_VOLUME}">
<kw name="Should Be True" owner="BuiltIn">
<arg>${expected_mute}</arg>
<arg>msg=音量0时应为静音状态</arg>
<doc>Fails if the given condition is not true.</doc>
<status status="NOT RUN" start="2026-08-25T11:16:16.704302" elapsed="0.000000"/>
</kw>
<status status="PASS" start="2026-08-25T11:16:16.704302" elapsed="0.000000"/>
</branch>
<branch type="ELSE">
<kw name="Should Not Be True" owner="BuiltIn">
<arg>${expected_mute}</arg>
<arg>msg=音量非0时不应为静音</arg>
<doc>Fails if the given condition is true.</doc>
<status status="NOT RUN" start="2026-08-25T11:16:16.705301" elapsed="0.000000"/>
</kw>
<status status="PASS" start="2026-08-25T11:16:16.704302" elapsed="0.000999"/>
</branch>
<status status="PASS" start="2026-08-25T11:16:16.704302" elapsed="0.000999"/>
</if>
<kw name="Log" owner="BuiltIn">
<arg>静音状态验证通过: expected=${expected_mute}, volume=${CURRENT_VOLUME}</arg>
<arg>${LOG_LEVEL_INFO}</arg>
<doc>Logs the given message with the given level.</doc>
<status status="NOT RUN" start="2026-08-25T11:16:16.705301" elapsed="0.000000"/>
</kw>
<arg>False</arg>
<doc>验证静音状态（音量为0时静音）</doc>
<status status="PASS" start="2026-08-25T11:16:16.704302" elapsed="0.000999"/>
</kw>
<doc>验证音量设置为最大值100%时，系统达到最大声压</doc>
<tag>boundary</tag>
<tag>cockpit</tag>
<tag>multimedia</tag>
<tag>smoke</tag>
<status status="PASS" start="2026-08-25T11:16:16.687349" elapsed="0.018950"/>
</test>
<test id="s1-s1-s1-t3" name="验证音量边界值-步进为1" line="47">
<kw name="记录测试步骤" owner="common">
<kw name="Get Time" owner="BuiltIn">
<var>${timestamp}</var>
<arg>format=%Y-%m-%d %H:%M:%S.%f</arg>
<doc>Returns the given time in the requested format.</doc>
<status status="NOT RUN" start="2026-08-25T11:16:16.709290" elapsed="0.000000"/>
</kw>
<kw name="Log" owner="BuiltIn">
<arg>[${timestamp}] ▶ ${step_desc}</arg>
<arg>${LOG_LEVEL_INFO}</arg>
<doc>Logs the given message with the given level.</doc>
<status status="NOT RUN" start="2026-08-25T11:16:16.710287" elapsed="0.000000"/>
</kw>
<arg>测试音量步进边界</arg>
<doc>记录带时间戳的测试步骤（方便排查车载测试时序问题）</doc>
<status status="PASS" start="2026-08-25T11:16:16.709290" elapsed="0.000997"/>
</kw>
<kw name="Set Volume">
<kw name="验证范围" owner="common">
<kw name="Should Be True" owner="BuiltIn">
<arg>${value} &gt;= ${min}</arg>
<arg>msg=值 ${value} 小于最小值 ${min}</arg>
<doc>Fails if the given condition is not true.</doc>
<status status="NOT RUN" start="2026-08-25T11:16:16.711284" elapsed="0.000000"/>
</kw>
<kw name="Should Be True" owner="BuiltIn">
<arg>${value} &lt;= ${max}</arg>
<arg>msg=值 ${value} 大于最大值 ${max}</arg>
<doc>Fails if the given condition is not true.</doc>
<status status="NOT RUN" start="2026-08-25T11:16:16.711284" elapsed="0.000000"/>
</kw>
<kw name="Log" owner="BuiltIn">
<arg>值 ${value} 在范围 [${min}, ${max}] 内 ✓</arg>
<arg>${LOG_LEVEL_INFO}</arg>
<doc>Logs the given message with the given level.</doc>
<status status="NOT RUN" start="2026-08-25T11:16:16.711284" elapsed="0.000998"/>
</kw>
<arg>${target_volume}</arg>
<arg>${MIN_VOLUME}</arg>
<arg>${MAX_VOLUME}</arg>
<doc>验证数值是否在合理范围内（音量、温度等）</doc>
<status status="PASS" start="2026-08-25T11:16:16.711284" elapsed="0.000998"/>
</kw>
<kw name="Log" owner="BuiltIn">
<arg>发送CAN信号: SET_VOLUME=${target_volume}</arg>
<arg>${LOG_LEVEL_INFO}</arg>
<doc>Logs the given message with the given level.</doc>
<status status="NOT RUN" start="2026-08-25T11:16:16.712282" elapsed="0.000000"/>
</kw>
<kw name="Set Test Variable" owner="BuiltIn">
<arg>${CURRENT_VOLUME}</arg>
<arg>${target_volume}</arg>
<doc>Makes a variable available everywhere within the scope of the current test.</doc>
<status status="NOT RUN" start="2026-08-25T11:16:16.712282" elapsed="0.000000"/>
</kw>
<arg>${MIN_VOLUME}</arg>
<doc>设置音量（Mock模式：直接更新变量；真实环境：调用CANoe）</doc>
<status status="PASS" start="2026-08-25T11:16:16.710287" elapsed="0.001995"/>
</kw>
<kw name="Increase Volume">
<kw name="Evaluate" owner="BuiltIn">
<var>${new_vol}</var>
<arg>min(${CURRENT_VOLUME} + 1, ${MAX_VOLUME})</arg>
<doc>Evaluates the given expression in Python and returns the result.</doc>
<status status="NOT RUN" start="2026-08-25T11:16:16.713280" elapsed="0.000000"/>
</kw>
<kw name="Set Volume">
<kw name="验证范围" owner="common">
<kw name="Should Be True" owner="BuiltIn">
<arg>${value} &gt;= ${min}</arg>
<arg>msg=值 ${value} 小于最小值 ${min}</arg>
<doc>Fails if the given condition is not true.</doc>
<status status="NOT RUN" start="2026-08-25T11:16:16.714277" elapsed="0.000000"/>
</kw>
<kw name="Should Be True" owner="BuiltIn">
<arg>${value} &lt;= ${max}</arg>
<arg>msg=值 ${value} 大于最大值 ${max}</arg>
<doc>Fails if the given condition is not true.</doc>
<status status="NOT RUN" start="2026-08-25T11:16:16.714277" elapsed="0.000000"/>
</kw>
<kw name="Log" owner="BuiltIn">
<arg>值 ${value} 在范围 [${min}, ${max}] 内 ✓</arg>
<arg>${LOG_LEVEL_INFO}</arg>
<doc>Logs the given message with the given level.</doc>
<status status="NOT RUN" start="2026-08-25T11:16:16.715274" elapsed="0.000000"/>
</kw>
<arg>${target_volume}</arg>
<arg>${MIN_VOLUME}</arg>
<arg>${MAX_VOLUME}</arg>
<doc>验证数值是否在合理范围内（音量、温度等）</doc>
<status status="PASS" start="2026-08-25T11:16:16.714277" elapsed="0.000997"/>
</kw>
<kw name="Log" owner="BuiltIn">
<arg>发送CAN信号: SET_VOLUME=${target_volume}</arg>
<arg>${LOG_LEVEL_INFO}</arg>
<doc>Logs the given message with the given level.</doc>
<status status="NOT RUN" start="2026-08-25T11:16:16.715274" elapsed="0.000000"/>
</kw>
<kw name="Set Test Variable" owner="BuiltIn">
<arg>${CURRENT_VOLUME}</arg>
<arg>${target_volume}</arg>
<doc>Makes a variable available everywhere within the scope of the current test.</doc>
<status status="NOT RUN" start="2026-08-25T11:16:16.715274" elapsed="0.000997"/>
</kw>
<arg>${new_vol}</arg>
<doc>设置音量（Mock模式：直接更新变量；真实环境：调用CANoe）</doc>
<status status="PASS" start="2026-08-25T11:16:16.713280" elapsed="0.002991"/>
</kw>
<doc>音量+1</doc>
<status status="PASS" start="2026-08-25T11:16:16.713280" elapsed="0.002991"/>
</kw>
<kw name="Get Current Volume">
<kw name="Log" owner="BuiltIn">
<arg>读取当前音量: ${CURRENT_VOLUME}</arg>
<arg>${LOG_LEVEL_DEBUG}</arg>
<doc>Logs the given message with the given level.</doc>
<status status="NOT RUN" start="2026-08-25T11:16:16.717271" elapsed="0.000000"/>
</kw>
<return>
<value>${CURRENT_VOLUME}</value>
<status status="PASS" start="2026-08-25T11:16:16.717271" elapsed="0.000000"/>
</return>
<var>${vol_after_inc}</var>
<doc>获取当前音量（Mock模式返回变量；真实环境读取IVI API）</doc>
<status status="PASS" start="2026-08-25T11:16:16.716271" elapsed="0.001000"/>
</kw>
<kw name="Should Be Equal As Integers" owner="BuiltIn">
<arg>${vol_after_inc}</arg>
<arg>1</arg>
<doc>Fails if objects are unequal after converting them to integers.</doc>
<status status="NOT RUN" start="2026-08-25T11:16:16.718266" elapsed="0.000000"/>
</kw>
<kw name="Set Volume">
<kw name="验证范围" owner="common">
<kw name="Should Be True" owner="BuiltIn">
<arg>${value} &gt;= ${min}</arg>
<arg>msg=值 ${value} 小于最小值 ${min}</arg>
<doc>Fails if the given condition is not true.</doc>
<status status="NOT RUN" start="2026-08-25T11:16:16.719264" elapsed="0.000000"/>
</kw>
<kw name="Should Be True" owner="BuiltIn">
<arg>${value} &lt;= ${max}</arg>
<arg>msg=值 ${value} 大于最大值 ${max}</arg>
<doc>Fails if the given condition is not true.</doc>
<status status="NOT RUN" start="2026-08-25T11:16:16.720260" elapsed="0.000000"/>
</kw>
<kw name="Log" owner="BuiltIn">
<arg>值 ${value} 在范围 [${min}, ${max}] 内 ✓</arg>
<arg>${LOG_LEVEL_INFO}</arg>
<doc>Logs the given message with the given level.</doc>
<status status="NOT RUN" start="2026-08-25T11:16:16.720260" elapsed="0.000000"/>
</kw>
<arg>${target_volume}</arg>
<arg>${MIN_VOLUME}</arg>
<arg>${MAX_VOLUME}</arg>
<doc>验证数值是否在合理范围内（音量、温度等）</doc>
<status status="PASS" start="2026-08-25T11:16:16.719264" elapsed="0.000996"/>
</kw>
<kw name="Log" owner="BuiltIn">
<arg>发送CAN信号: SET_VOLUME=${target_volume}</arg>
<arg>${LOG_LEVEL_INFO}</arg>
<doc>Logs the given message with the given level.</doc>
<status status="NOT RUN" start="2026-08-25T11:16:16.720260" elapsed="0.000000"/>
</kw>
<kw name="Set Test Variable" owner="BuiltIn">
<arg>${CURRENT_VOLUME}</arg>
<arg>${target_volume}</arg>
<doc>Makes a variable available everywhere within the scope of the current test.</doc>
<status status="NOT RUN" start="2026-08-25T11:16:16.720260" elapsed="0.000998"/>
</kw>
<arg>${MAX_VOLUME}</arg>
<doc>设置音量（Mock模式：直接更新变量；真实环境：调用CANoe）</doc>
<status status="PASS" start="2026-08-25T11:16:16.718266" elapsed="0.002992"/>
</kw>
<kw name="Decrease Volume">
<kw name="Evaluate" owner="BuiltIn">
<var>${new_vol}</var>
<arg>max(${CURRENT_VOLUME} - 1, ${MIN_VOLUME})</arg>
<doc>Evaluates the given expression in Python and returns the result.</doc>
<status status="NOT RUN" start="2026-08-25T11:16:16.722255" elapsed="0.000998"/>
</kw>
<kw name="Set Volume">
<kw name="验证范围" owner="common">
<kw name="Should Be True" owner="BuiltIn">
<arg>${value} &gt;= ${min}</arg>
<arg>msg=值 ${value} 小于最小值 ${min}</arg>
<doc>Fails if the given condition is not true.</doc>
<status status="NOT RUN" start="2026-08-25T11:16:16.725249" elapsed="0.000000"/>
</kw>
<kw name="Should Be True" owner="BuiltIn">
<arg>${value} &lt;= ${max}</arg>
<arg>msg=值 ${value} 大于最大值 ${max}</arg>
<doc>Fails if the given condition is not true.</doc>
<status status="NOT RUN" start="2026-08-25T11:16:16.725249" elapsed="0.000997"/>
</kw>
<kw name="Log" owner="BuiltIn">
<arg>值 ${value} 在范围 [${min}, ${max}] 内 ✓</arg>
<arg>${LOG_LEVEL_INFO}</arg>
<doc>Logs the given message with the given level.</doc>
<status status="NOT RUN" start="2026-08-25T11:16:16.726246" elapsed="0.000000"/>
</kw>
<arg>${target_volume}</arg>
<arg>${MIN_VOLUME}</arg>
<arg>${MAX_VOLUME}</arg>
<doc>验证数值是否在合理范围内（音量、温度等）</doc>
<status status="PASS" start="2026-08-25T11:16:16.725249" elapsed="0.000997"/>
</kw>
<kw name="Log" owner="BuiltIn">
<arg>发送CAN信号: SET_VOLUME=${target_volume}</arg>
<arg>${LOG_LEVEL_INFO}</arg>
<doc>Logs the given message with the given level.</doc>
<status status="NOT RUN" start="2026-08-25T11:16:16.726246" elapsed="0.000000"/>
</kw>
<kw name="Set Test Variable" owner="BuiltIn">
<arg>${CURRENT_VOLUME}</arg>
<arg>${target_volume}</arg>
<doc>Makes a variable available everywhere within the scope of the current test.</doc>
<status status="NOT RUN" start="2026-08-25T11:16:16.726246" elapsed="0.001002"/>
</kw>
<arg>${new_vol}</arg>
<doc>设置音量（Mock模式：直接更新变量；真实环境：调用CANoe）</doc>
<status status="PASS" start="2026-08-25T11:16:16.724251" elapsed="0.002997"/>
</kw>
<doc>音量-1</doc>
<status status="PASS" start="2026-08-25T11:16:16.721258" elapsed="0.005990"/>
</kw>
<kw name="Get Current Volume">
<kw name="Log" owner="BuiltIn">
<arg>读取当前音量: ${CURRENT_VOLUME}</arg>
<arg>${LOG_LEVEL_DEBUG}</arg>
<doc>Logs the given message with the given level.</doc>
<status status="NOT RUN" start="2026-08-25T11:16:16.728240" elapsed="0.000000"/>
</kw>
<return>
<value>${CURRENT_VOLUME}</value>
<status status="PASS" start="2026-08-25T11:16:16.728240" elapsed="0.000000"/>
</return>
<var>${vol_after_dec}</var>
<doc>获取当前音量（Mock模式返回变量；真实环境读取IVI API）</doc>
<status status="PASS" start="2026-08-25T11:16:16.727248" elapsed="0.000992"/>
</kw>
<kw name="Should Be Equal As Integers" owner="BuiltIn">
<arg>${vol_after_dec}</arg>
<arg>99</arg>
<doc>Fails if objects are unequal after converting them to integers.</doc>
<status status="NOT RUN" start="2026-08-25T11:16:16.729236" elapsed="0.000000"/>
</kw>
<doc>验证从最小值+1和最大值-1的步进正确性</doc>
<tag>cockpit</tag>
<tag>multimedia</tag>
<tag>regression</tag>
<status status="PASS" start="2026-08-25T11:16:16.706299" elapsed="0.023935"/>
</test>
<test id="s1-s1-s1-t4" name="验证设置非法音量值应失败" line="62">
<kw name="记录测试步骤" owner="common">
<kw name="Get Time" owner="BuiltIn">
<var>${timestamp}</var>
<arg>format=%Y-%m-%d %H:%M:%S.%f</arg>
<doc>Returns the given time in the requested format.</doc>
<status status="NOT RUN" start="2026-08-25T11:16:16.734224" elapsed="0.000000"/>
</kw>
<kw name="Log" owner="BuiltIn">
<arg>[${timestamp}] ▶ ${step_desc}</arg>
<arg>${LOG_LEVEL_INFO}</arg>
<doc>Logs the given message with the given level.</doc>
<status status="NOT RUN" start="2026-08-25T11:16:16.735222" elapsed="0.000000"/>
</kw>
<arg>测试非法音量值拒绝</arg>
<doc>记录带时间戳的测试步骤（方便排查车载测试时序问题）</doc>
<status status="PASS" start="2026-08-25T11:16:16.734224" elapsed="0.000998"/>
</kw>
<kw name="Run Keyword And Expect Error" owner="BuiltIn">
<kw name="Set Volume">
<kw name="验证范围" owner="common">
<kw name="Should Be True" owner="BuiltIn">
<arg>${value} &gt;= ${min}</arg>
<arg>msg=值 ${value} 小于最小值 ${min}</arg>
<doc>Fails if the given condition is not true.</doc>
<status status="NOT RUN" start="2026-08-25T11:16:16.736219" elapsed="0.000996"/>
</kw>
<kw name="Should Be True" owner="BuiltIn">
<arg>${value} &lt;= ${max}</arg>
<arg>msg=值 ${value} 大于最大值 ${max}</arg>
<doc>Fails if the given condition is not true.</doc>
<status status="NOT RUN" start="2026-08-25T11:16:16.737215" elapsed="0.000000"/>
</kw>
<kw name="Log" owner="BuiltIn">
<arg>值 ${value} 在范围 [${min}, ${max}] 内 ✓</arg>
<arg>${LOG_LEVEL_INFO}</arg>
<doc>Logs the given message with the given level.</doc>
<status status="NOT RUN" start="2026-08-25T11:16:16.738213" elapsed="0.000000"/>
</kw>
<arg>${target_volume}</arg>
<arg>${MIN_VOLUME}</arg>
<arg>${MAX_VOLUME}</arg>
<doc>验证数值是否在合理范围内（音量、温度等）</doc>
<status status="PASS" start="2026-08-25T11:16:16.736219" elapsed="0.001994"/>
</kw>
<kw name="Log" owner="BuiltIn">
<arg>发送CAN信号: SET_VOLUME=${target_volume}</arg>
<arg>${LOG_LEVEL_INFO}</arg>
<doc>Logs the given message with the given level.</doc>
<status status="NOT RUN" start="2026-08-25T11:16:16.738213" elapsed="0.000999"/>
</kw>
<kw name="Set Test Variable" owner="BuiltIn">
<arg>${CURRENT_VOLUME}</arg>
<arg>${target_volume}</arg>
<doc>Makes a variable available everywhere within the scope of the current test.</doc>
<status status="NOT RUN" start="2026-08-25T11:16:16.739212" elapsed="0.000000"/>
</kw>
<arg>-1</arg>
<doc>设置音量（Mock模式：直接更新变量；真实环境：调用CANoe）</doc>
<status status="PASS" start="2026-08-25T11:16:16.736219" elapsed="0.002993"/>
</kw>
<arg>*小于最小值*</arg>
<arg>Set Volume</arg>
<arg>-1</arg>
<doc>Runs the keyword and checks that the expected error occurred.</doc>
<status status="PASS" start="2026-08-25T11:16:16.735222" elapsed="0.003990"/>
</kw>
<kw name="Run Keyword And Expect Error" owner="BuiltIn">
<kw name="Set Volume">
<kw name="验证范围" owner="common">
<kw name="Should Be True" owner="BuiltIn">
<arg>${value} &gt;= ${min}</arg>
<arg>msg=值 ${value} 小于最小值 ${min}</arg>
<doc>Fails if the given condition is not true.</doc>
<status status="NOT RUN" start="2026-08-25T11:16:16.740208" elapsed="0.000997"/>
</kw>
<kw name="Should Be True" owner="BuiltIn">
<arg>${value} &lt;= ${max}</arg>
<arg>msg=值 ${value} 大于最大值 ${max}</arg>
<doc>Fails if the given condition is not true.</doc>
<status status="NOT RUN" start="2026-08-25T11:16:16.741205" elapsed="0.000000"/>
</kw>
<kw name="Log" owner="BuiltIn">
<arg>值 ${value} 在范围 [${min}, ${max}] 内 ✓</arg>
<arg>${LOG_LEVEL_INFO}</arg>
<doc>Logs the given message with the given level.</doc>
<status status="NOT RUN" start="2026-08-25T11:16:16.741205" elapsed="0.000000"/>
</kw>
<arg>${target_volume}</arg>
<arg>${MIN_VOLUME}</arg>
<arg>${MAX_VOLUME}</arg>
<doc>验证数值是否在合理范围内（音量、温度等）</doc>
<status status="PASS" start="2026-08-25T11:16:16.740208" elapsed="0.001995"/>
</kw>
<kw name="Log" owner="BuiltIn">
<arg>发送CAN信号: SET_VOLUME=${target_volume}</arg>
<arg>${LOG_LEVEL_INFO}</arg>
<doc>Logs the given message with the given level.</doc>
<status status="NOT RUN" start="2026-08-25T11:16:16.742203" elapsed="0.000000"/>
</kw>
<kw name="Set Test Variable" owner="BuiltIn">
<arg>${CURRENT_VOLUME}</arg>
<arg>${target_volume}</arg>
<doc>Makes a variable available everywhere within the scope of the current test.</doc>
<status status="NOT RUN" start="2026-08-25T11:16:16.742203" elapsed="0.000000"/>
</kw>
<arg>101</arg>
<doc>设置音量（Mock模式：直接更新变量；真实环境：调用CANoe）</doc>
<status status="PASS" start="2026-08-25T11:16:16.740208" elapsed="0.001995"/>
</kw>
<arg>*大于最大值*</arg>
<arg>Set Volume</arg>
<arg>101</arg>
<doc>Runs the keyword and checks that the expected error occurred.</doc>
<status status="PASS" start="2026-08-25T11:16:16.740208" elapsed="0.002992"/>
</kw>
<doc>验证设置-1和101等非法值时应抛出异常</doc>
<tag>cockpit</tag>
<tag>multimedia</tag>
<tag>negative</tag>
<status status="PASS" start="2026-08-25T11:16:16.731232" elapsed="0.011968"/>
</test>
<kw name="清理测试环境" type="TEARDOWN">
<kw name="Log" owner="BuiltIn">
<arg>清理IVI模拟器资源...</arg>
<arg>${LOG_LEVEL_INFO}</arg>
<doc>Logs the given message with the given level.</doc>
<status status="NOT RUN" start="2026-08-25T11:16:16.744198" elapsed="0.000996"/>
</kw>
<kw name="Set Volume">
<kw name="验证范围" owner="common">
<kw name="Should Be True" owner="BuiltIn">
<arg>${value} &gt;= ${min}</arg>
<arg>msg=值 ${value} 小于最小值 ${min}</arg>
<doc>Fails if the given condition is not true.</doc>
<status status="NOT RUN" start="2026-08-25T11:16:16.745194" elapsed="0.000998"/>
</kw>
<kw name="Should Be True" owner="BuiltIn">
<arg>${value} &lt;= ${max}</arg>
<arg>msg=值 ${value} 大于最大值 ${max}</arg>
<doc>Fails if the given condition is not true.</doc>
<status status="NOT RUN" start="2026-08-25T11:16:16.746192" elapsed="0.000000"/>
</kw>
<kw name="Log" owner="BuiltIn">
<arg>值 ${value} 在范围 [${min}, ${max}] 内 ✓</arg>
<arg>${LOG_LEVEL_INFO}</arg>
<doc>Logs the given message with the given level.</doc>
<status status="NOT RUN" start="2026-08-25T11:16:16.746192" elapsed="0.000000"/>
</kw>
<arg>${target_volume}</arg>
<arg>${MIN_VOLUME}</arg>
<arg>${MAX_VOLUME}</arg>
<doc>验证数值是否在合理范围内（音量、温度等）</doc>
<status status="PASS" start="2026-08-25T11:16:16.745194" elapsed="0.000998"/>
</kw>
<kw name="Log" owner="BuiltIn">
<arg>发送CAN信号: SET_VOLUME=${target_volume}</arg>
<arg>${LOG_LEVEL_INFO}</arg>
<doc>Logs the given message with the given level.</doc>
<status status="NOT RUN" start="2026-08-25T11:16:16.747189" elapsed="0.000000"/>
</kw>
<kw name="Set Test Variable" owner="BuiltIn">
<arg>${CURRENT_VOLUME}</arg>
<arg>${target_volume}</arg>
<doc>Makes a variable available everywhere within the scope of the current test.</doc>
<status status="NOT RUN" start="2026-08-25T11:16:16.747189" elapsed="0.000000"/>
</kw>
<arg>${DEFAULT_VOLUME}</arg>
<doc>设置音量（Mock模式：直接更新变量；真实环境：调用CANoe）</doc>
<status status="PASS" start="2026-08-25T11:16:16.745194" elapsed="0.001995"/>
</kw>
<status status="PASS" start="2026-08-25T11:16:16.744198" elapsed="0.002991"/>
</kw>
<doc>座舱多媒体-音量调节验收测试</doc>
<status status="PASS" start="2026-08-25T11:16:16.594597" elapsed="0.152592"/>
</suite>
<status status="PASS" start="2026-08-25T11:16:16.592603" elapsed="0.156580"/>
</suite>
<status status="PASS" start="2026-08-25T11:16:16.529772" elapsed="0.220408"/>
</suite>
<statistics>
<total>
<stat pass="4" fail="0" skip="0">All Tests</stat>
</total>
<tag>
<stat pass="2" fail="0" skip="0">boundary</stat>
<stat pass="4" fail="0" skip="0">cockpit</stat>
<stat pass="4" fail="0" skip="0">multimedia</stat>
<stat pass="1" fail="0" skip="0">negative</stat>
<stat pass="1" fail="0" skip="0">regression</stat>
<stat pass="2" fail="0" skip="0">smoke</stat>
</tag>
<suite>
<stat name="Acceptance" id="s1" pass="4" fail="0" skip="0">Acceptance</stat>
<stat name="Multimedia" id="s1-s1" pass="4" fail="0" skip="0">Acceptance.Multimedia</stat>
<stat name="Test Volum" id="s1-s1-s1" pass="4" fail="0" skip="0">Acceptance.Multimedia.Test Volum</stat>
</suite>
</statistics>
<errors>
</errors>
</robot>
